0 info it worked if it ends with ok
1 verbose cli [ '/home/andrew/.nvm/versions/node/v4.2.6/bin/node',
1 verbose cli   '/home/andrew/.nvm/versions/node/v4.2.6/bin/npm',
1 verbose cli   'run',
1 verbose cli   'serve' ]
2 info using npm@3.7.2
3 info using node@v4.2.6
4 verbose run-script [ 'preserve', 'serve', 'postserve' ]
5 info lifecycle ap-components@1.0.0~preserve: ap-components@1.0.0
6 silly lifecycle ap-components@1.0.0~preserve: no script for preserve, continuing
7 info lifecycle ap-components@1.0.0~serve: ap-components@1.0.0
8 verbose lifecycle ap-components@1.0.0~serve: unsafe-perm in lifecycle true
9 verbose lifecycle ap-components@1.0.0~serve: PATH: /home/andrew/.nvm/versions/node/v4.2.6/lib/node_modules/npm/bin/node-gyp-bin:/home/andrew/Projects/Arsenal/arsenal-components/node_modules/.bin:/home/andrew/.nvm/versions/node/v4.2.6/bin:/home/andrew/.nvm/versions/node/v4.2.6/bin:/usr/local/sbin:/usr/local/bin:/usr/sbin:/usr/bin:/sbin:/bin:/usr/games:/usr/local/games
10 verbose lifecycle ap-components@1.0.0~serve: CWD: /home/andrew/Projects/Arsenal/arsenal-components
11 silly lifecycle ap-components@1.0.0~serve: Args: [ '-c', 'gulp' ]
12 silly lifecycle ap-components@1.0.0~serve: Returned: code: 1  signal: null
13 info lifecycle ap-components@1.0.0~serve: Failed to exec serve script
14 verbose stack Error: ap-components@1.0.0 serve: `gulp`
14 verbose stack Exit status 1
14 verbose stack     at EventEmitter.<anonymous> (/home/andrew/.nvm/versions/node/v4.2.6/lib/node_modules/npm/lib/utils/lifecycle.js:239:16)
14 verbose stack     at emitTwo (events.js:87:13)
14 verbose stack     at EventEmitter.emit (events.js:172:7)
14 verbose stack     at ChildProcess.<anonymous> (/home/andrew/.nvm/versions/node/v4.2.6/lib/node_modules/npm/lib/utils/spawn.js:24:14)
14 verbose stack     at emitTwo (events.js:87:13)
14 verbose stack     at ChildProcess.emit (events.js:172:7)
14 verbose stack     at maybeClose (internal/child_process.js:821:16)
14 verbose stack     at Process.ChildProcess._handle.onexit (internal/child_process.js:211:5)
15 verbose pkgid ap-components@1.0.0
16 verbose cwd /home/andrew/Projects/Arsenal/arsenal-components
17 error Linux 3.19.0-49-generic
18 error argv "/home/andrew/.nvm/versions/node/v4.2.6/bin/node" "/home/andrew/.nvm/versions/node/v4.2.6/bin/npm" "run" "serve"
19 error node v4.2.6
20 error npm  v3.7.2
21 error code ELIFECYCLE
22 error ap-components@1.0.0 serve: `gulp`
22 error Exit status 1
23 error Failed at the ap-components@1.0.0 serve script 'gulp'.
23 error Make sure you have the latest version of node.js and npm installed.
23 error If you do, this is most likely a problem with the ap-components package,
23 error not with npm itself.
23 error Tell the author that this fails on your system:
23 error     gulp
23 error You can get information on how to open an issue for this project with:
23 error     npm bugs ap-components
23 error Or if that isn't available, you can get their info via:
23 error     npm owner ls ap-components
23 error There is likely additional logging output above.
24 verbose exit [ 1, true ]
